c:\users\liamh\desktop\collegework\gamesengineering\labs\commandpattern\commandpattern\debug\vc141.pdb
c:\users\liamh\desktop\collegework\gamesengineering\labs\commandpattern\commandpattern\debug\vc141.idb
c:\users\liamh\desktop\collegework\gamesengineering\labs\commandpattern\commandpattern\debug\main.obj
c:\users\liamh\desktop\collegework\gamesengineering\labs\commandpattern\commandpattern\debug\game.obj
c:\users\liamh\desktop\collegework\gamesengineering\labs\commandpattern\commandpattern\debug\inputhandler.obj
c:\users\liamh\desktop\collegework\gamesengineering\labs\commandpattern\commandpattern\debug\concretecommands.obj
c:\users\liamh\desktop\collegework\gamesengineering\labs\commandpattern\commandpattern\debug\command.obj
c:\users\liamh\desktop\collegework\gamesengineering\labs\commandpattern\commandpattern\debug\macro.obj
c:\users\liamh\desktop\fsm\commandpattern\commandpattern\debug\vc141.pdb
c:\users\liamh\desktop\fsm\commandpattern\commandpattern\debug\vc141.idb
c:\users\liamh\desktop\fsm\commandpattern\commandpattern\debug\state.obj
c:\users\liamh\desktop\fsm\commandpattern\commandpattern\debug\shield.obj
c:\users\liamh\desktop\fsm\commandpattern\commandpattern\debug\melee.obj
c:\users\liamh\desktop\fsm\commandpattern\commandpattern\debug\main.obj
c:\users\liamh\desktop\fsm\commandpattern\commandpattern\debug\macro.obj
c:\users\liamh\desktop\fsm\commandpattern\commandpattern\debug\jump.obj
c:\users\liamh\desktop\fsm\commandpattern\commandpattern\debug\inputhandler.obj
c:\users\liamh\desktop\fsm\commandpattern\commandpattern\debug\game.obj
c:\users\liamh\desktop\fsm\commandpattern\commandpattern\debug\fire.obj
c:\users\liamh\desktop\fsm\commandpattern\commandpattern\debug\crouch.obj
c:\users\liamh\desktop\fsm\commandpattern\commandpattern\debug\concretecommands.obj
c:\users\liamh\desktop\fsm\commandpattern\commandpattern\debug\command.obj
c:\users\liamh\desktop\fsm\commandpattern\commandpattern\debug\animation.obj
c:\users\liamh\desktop\collegework\gamesengineering\labs\commandpattern\debug\commandpattern.exe
c:\users\liamh\desktop\collegework\gamesengineering\labs\commandpattern\debug\commandpattern.ilk
c:\users\liamh\desktop\collegework\gamesengineering\labs\commandpattern\debug\commandpattern.pdb
c:\users\liamh\desktop\fsm\commandpattern\debug\commandpattern.exe
c:\users\liamh\desktop\fsm\commandpattern\debug\commandpattern.ilk
c:\users\liamh\desktop\fsm\commandpattern\debug\commandpattern.pdb
c:\users\liamh\desktop\fsm\commandpattern\commandpattern\debug\commandpattern.tlog\cl.command.1.tlog
c:\users\liamh\desktop\fsm\commandpattern\commandpattern\debug\commandpattern.tlog\cl.read.1.tlog
c:\users\liamh\desktop\fsm\commandpattern\commandpattern\debug\commandpattern.tlog\cl.write.1.tlog
c:\users\liamh\desktop\fsm\commandpattern\commandpattern\debug\commandpattern.tlog\link.command.1.tlog
c:\users\liamh\desktop\fsm\commandpattern\commandpattern\debug\commandpattern.tlog\link.read.1.tlog
c:\users\liamh\desktop\fsm\commandpattern\commandpattern\debug\commandpattern.tlog\link.write.1.tlog
